{"bookingData":{"eventId":"68c2d60fd1fb8ffde5ddd4b9","ticketQuantity":1,"totalAmount":250,"userId":"68c2d4642842eaaf3e7b07ad"},"error":{"code":20,"codeName":"IllegalOperation","errorLabelSet":{},"errorResponse":{"code":20,"codeName":"IllegalOperation","errmsg":"Transaction numbers are only allowed on a replica set member or mongos","ok":0},"ok":0},"level":"error","message":"Error creating booking","service":"unknown","timestamp":"2025-09-11T19:03:33.455Z"}
{"error":"Transaction numbers are only allowed on a replica set member or mongos","level":"error","message":"Booking create handler error:","messageId":"1757617413445","service":"unknown","timestamp":"2025-09-11T19:03:33.455Z"}
{"bookingData":{"eventId":"68c2d60fd1fb8ffde5ddd4b9","ticketQuantity":1,"totalAmount":250,"userId":"68c2d4642842eaaf3e7b07ad"},"error":{},"level":"error","message":"Error creating booking","service":"unknown","timestamp":"2025-09-11T19:06:45.316Z"}
{"error":"Event not found","level":"error","message":"Booking create handler error:","messageId":"1757617605300","service":"unknown","timestamp":"2025-09-11T19:06:45.316Z"}
{"bookingData":{"eventId":"68c2d60fd1fb8ffde5ddd4b9","ticketQuantity":1,"totalAmount":250,"userId":"68c2d4642842eaaf3e7b07ad"},"error":{},"level":"error","message":"Error creating booking","service":"unknown","timestamp":"2025-09-11T19:09:33.862Z"}
{"error":"Event not found","level":"error","message":"Booking create handler error:","messageId":"1757617773845","service":"unknown","timestamp":"2025-09-11T19:09:33.862Z"}
{"bookingData":{"eventId":"68c31ec8afa421a852d9e860","ticketQuantity":1,"totalAmount":250,"userId":"68c2d4642842eaaf3e7b07ad"},"error":{},"level":"error","message":"Error creating booking","service":"unknown","timestamp":"2025-09-11T19:12:15.065Z"}
{"error":"Invalid total amount","level":"error","message":"Booking create handler error:","messageId":"1757617935049","service":"unknown","timestamp":"2025-09-11T19:12:15.065Z"}
{"bookingData":{"eventId":"68c31ec8afa421a852d9e860","ticketQuantity":1,"totalAmount":10,"userId":"68c2d4642842eaaf3e7b07ad"},"error":{},"level":"error","message":"Error creating booking","service":"unknown","timestamp":"2025-09-11T19:12:22.593Z"}
{"error":"Invalid total amount","level":"error","message":"Booking create handler error:","messageId":"1757617942581","service":"unknown","timestamp":"2025-09-11T19:12:22.593Z"}
{"bookingData":{"eventId":"68c31ec8afa421a852d9e860","ticketQuantity":1,"totalAmount":1,"userId":"68c2d4642842eaaf3e7b07ad"},"error":{},"level":"error","message":"Error creating booking","service":"unknown","timestamp":"2025-09-11T19:12:32.646Z"}
{"error":"Invalid total amount","level":"error","message":"Booking create handler error:","messageId":"1757617952635","service":"unknown","timestamp":"2025-09-11T19:12:32.646Z"}
{"error":"Transaction numbers are only allowed on a replica set member or mongos","level":"error","message":"Capacity reserve handler error:","messageId":"1757658207692","service":"unknown","timestamp":"2025-09-12T06:23:27.707Z"}
{"error":{},"level":"error","message":"Failed to reserve event capacity via NATS","service":"unknown","timestamp":"2025-09-12T06:23:27.710Z"}
{"bookingData":{"eventId":"68c3bba0eb6fcbc2cb6a73dd","ticketQuantity":1,"totalAmount":1231,"userId":"68c3bb60c7ba00ce2c8068ef"},"error":{},"level":"error","message":"Error creating booking","service":"unknown","timestamp":"2025-09-12T06:23:27.711Z"}
{"error":"Failed to reserve tickets","level":"error","message":"Booking create handler error:","messageId":"1757658207668","service":"unknown","timestamp":"2025-09-12T06:23:27.711Z"}
{"bookingId":"68c3bdfec26925fa7d8ca085","error":{"code":20,"codeName":"IllegalOperation","errorLabelSet":{},"errorResponse":{"code":20,"codeName":"IllegalOperation","errmsg":"Transaction numbers are only allowed on a replica set member or mongos","ok":0},"ok":0},"level":"error","message":"Error cancelling booking","service":"unknown","timestamp":"2025-09-12T06:39:26.210Z","userId":"68c3bb60c7ba00ce2c8068ef"}
{"error":"Transaction numbers are only allowed on a replica set member or mongos","level":"error","message":"Booking cancel handler error:","messageId":"1757659166201","service":"unknown","timestamp":"2025-09-12T06:39:26.211Z"}
{"error":"Transaction numbers are only allowed on a replica set member or mongos","level":"error","message":"Capacity release handler error:","messageId":"1757659307845","service":"unknown","timestamp":"2025-09-12T06:41:47.853Z"}
{"error":"RedisClient is not defined","level":"error","message":"Booking create handler error:","messageId":"1757673468215","service":"unknown","timestamp":"2025-09-12T10:37:48.218Z"}
{"error":"Either userId or eventId must be provided","level":"error","message":"Booking list handler error:","messageId":"1757674383147","service":"unknown","timestamp":"2025-09-12T10:53:03.150Z"}
